<?xml version="1.0" encoding="UTF-8"?>
<testng-results ignored="0" total="2" passed="2" failed="0" skipped="0">
  <reporter-output>
  </reporter-output>
  <suite started-at="2024-06-15T17:50:07 IST" name="Suite" finished-at="2024-06-15T17:51:21 IST" duration-ms="73646">
    <groups>
    </groups>
    <test started-at="2024-06-15T17:50:07 IST" name="edgeBrowser" finished-at="2024-06-15T17:50:45 IST" duration-ms="37825">
      <class name="test.VerifyAdminFlow">
        <test-method is-config="true" signature="launchBrowser(java.lang.String)[pri:0, instance:test.VerifyAdminFlow@614ca7df]" started-at="2024-06-15T17:50:07 IST" name="launchBrowser" finished-at="2024-06-15T17:50:16 IST" duration-ms="8915" status="PASS">
          <params>
            <param index="0">
              <value>
                <![CDATA[edge]]>
              </value>
            </param>
          </params>
          <reporter-output>
          </reporter-output>
        </test-method> <!-- launchBrowser -->
        <test-method is-config="true" signature="pomObjects()[pri:0, instance:test.VerifyAdminFlow@614ca7df]" started-at="2024-06-15T17:50:16 IST" name="pomObjects" finished-at="2024-06-15T17:50:16 IST" duration-ms="38" status="PASS">
          <reporter-output>
          </reporter-output>
        </test-method> <!-- pomObjects -->
        <test-method is-config="true" signature="loginInOrangeHRM()[pri:0, instance:test.VerifyAdminFlow@614ca7df]" started-at="2024-06-15T17:50:16 IST" name="loginInOrangeHRM" finished-at="2024-06-15T17:50:22 IST" duration-ms="5076" status="PASS">
          <reporter-output>
          </reporter-output>
        </test-method> <!-- loginInOrangeHRM -->
        <test-method signature="verifyAdminModuleFlow()[pri:0, instance:test.VerifyAdminFlow@614ca7df]" started-at="2024-06-15T17:50:22 IST" name="verifyAdminModuleFlow" finished-at="2024-06-15T17:50:44 IST" duration-ms="22588" status="PASS">
          <reporter-output>
          </reporter-output>
        </test-method> <!-- verifyAdminModuleFlow -->
        <test-method is-config="true" signature="logoutFromOrangeHRM()[pri:0, instance:test.VerifyAdminFlow@614ca7df]" started-at="2024-06-15T17:50:44 IST" name="logoutFromOrangeHRM" finished-at="2024-06-15T17:50:45 IST" duration-ms="981" status="PASS">
          <reporter-output>
          </reporter-output>
        </test-method> <!-- logoutFromOrangeHRM -->
        <test-method is-config="true" signature="nullAllPomObjects()[pri:0, instance:test.VerifyAdminFlow@614ca7df]" started-at="2024-06-15T17:50:45 IST" name="nullAllPomObjects" finished-at="2024-06-15T17:50:45 IST" duration-ms="0" status="PASS">
          <reporter-output>
          </reporter-output>
        </test-method> <!-- nullAllPomObjects -->
        <test-method is-config="true" signature="closeBrowser()[pri:0, instance:test.VerifyAdminFlow@614ca7df]" started-at="2024-06-15T17:50:45 IST" name="closeBrowser" finished-at="2024-06-15T17:50:45 IST" duration-ms="190" status="PASS">
          <reporter-output>
          </reporter-output>
        </test-method> <!-- closeBrowser -->
      </class> <!-- test.VerifyAdminFlow -->
    </test> <!-- edgeBrowser -->
    <test started-at="2024-06-15T17:50:45 IST" name="chromeBrowser" finished-at="2024-06-15T17:51:21 IST" duration-ms="35754">
      <class name="test.VerifyAdminFlow">
        <test-method is-config="true" signature="launchBrowser(java.lang.String)[pri:0, instance:test.VerifyAdminFlow@6253c26]" started-at="2024-06-15T17:50:45 IST" name="launchBrowser" finished-at="2024-06-15T17:50:52 IST" duration-ms="6758" status="PASS">
          <params>
            <param index="0">
              <value>
                <![CDATA[chrome]]>
              </value>
            </param>
          </params>
          <reporter-output>
          </reporter-output>
        </test-method> <!-- launchBrowser -->
        <test-method is-config="true" signature="pomObjects()[pri:0, instance:test.VerifyAdminFlow@6253c26]" started-at="2024-06-15T17:50:52 IST" name="pomObjects" finished-at="2024-06-15T17:50:52 IST" duration-ms="2" status="PASS">
          <reporter-output>
          </reporter-output>
        </test-method> <!-- pomObjects -->
        <test-method is-config="true" signature="loginInOrangeHRM()[pri:0, instance:test.VerifyAdminFlow@6253c26]" started-at="2024-06-15T17:50:52 IST" name="loginInOrangeHRM" finished-at="2024-06-15T17:50:57 IST" duration-ms="5079" status="PASS">
          <reporter-output>
          </reporter-output>
        </test-method> <!-- loginInOrangeHRM -->
        <test-method signature="verifyAdminModuleFlow()[pri:0, instance:test.VerifyAdminFlow@6253c26]" started-at="2024-06-15T17:50:57 IST" name="verifyAdminModuleFlow" finished-at="2024-06-15T17:51:20 IST" duration-ms="22503" status="PASS">
          <reporter-output>
          </reporter-output>
        </test-method> <!-- verifyAdminModuleFlow -->
        <test-method is-config="true" signature="logoutFromOrangeHRM()[pri:0, instance:test.VerifyAdminFlow@6253c26]" started-at="2024-06-15T17:51:20 IST" name="logoutFromOrangeHRM" finished-at="2024-06-15T17:51:21 IST" duration-ms="1071" status="PASS">
          <reporter-output>
          </reporter-output>
        </test-method> <!-- logoutFromOrangeHRM -->
        <test-method is-config="true" signature="closeBrowser()[pri:0, instance:test.VerifyAdminFlow@6253c26]" started-at="2024-06-15T17:51:21 IST" name="closeBrowser" finished-at="2024-06-15T17:51:21 IST" duration-ms="337" status="PASS">
          <reporter-output>
          </reporter-output>
        </test-method> <!-- closeBrowser -->
        <test-method is-config="true" signature="nullAllPomObjects()[pri:0, instance:test.VerifyAdminFlow@6253c26]" started-at="2024-06-15T17:51:21 IST" name="nullAllPomObjects" finished-at="2024-06-15T17:51:21 IST" duration-ms="0" status="PASS">
          <reporter-output>
          </reporter-output>
        </test-method> <!-- nullAllPomObjects -->
      </class> <!-- test.VerifyAdminFlow -->
    </test> <!-- chromeBrowser -->
  </suite> <!-- Suite -->
</testng-results>
