<?xml version="1.0" encoding="UTF-8"?>
<testng-results ignored="0" total="2" passed="2" failed="0" skipped="0">
  <reporter-output>
  </reporter-output>
  <suite started-at="2024-06-15T17:04:55 IST" name="Suite" finished-at="2024-06-15T17:06:06 IST" duration-ms="70606">
    <groups>
    </groups>
    <test started-at="2024-06-15T17:04:55 IST" name="edgeBrowser" finished-at="2024-06-15T17:05:34 IST" duration-ms="38614">
      <class name="test.VerifyAdminFlow">
        <test-method is-config="true" signature="launchBrowser(java.lang.String)[pri:0, instance:test.VerifyAdminFlow@614ca7df]" started-at="2024-06-15T17:04:55 IST" name="launchBrowser" finished-at="2024-06-15T17:05:04 IST" duration-ms="9078" status="PASS">
          <params>
            <param index="0">
              <value>
                <![CDATA[edge]]>
              </value>
            </param>
          </params>
          <reporter-output>
          </reporter-output>
        </test-method> <!-- launchBrowser -->
        <test-method is-config="true" signature="pomObjects()[pri:0, instance:test.VerifyAdminFlow@614ca7df]" started-at="2024-06-15T17:05:04 IST" name="pomObjects" finished-at="2024-06-15T17:05:04 IST" duration-ms="58" status="PASS">
          <reporter-output>
          </reporter-output>
        </test-method> <!-- pomObjects -->
        <test-method is-config="true" signature="loginInOrangeHRM()[pri:0, instance:test.VerifyAdminFlow@614ca7df]" started-at="2024-06-15T17:05:04 IST" name="loginInOrangeHRM" finished-at="2024-06-15T17:05:10 IST" duration-ms="5336" status="PASS">
          <reporter-output>
          </reporter-output>
        </test-method> <!-- loginInOrangeHRM -->
        <test-method signature="verifyAdminModuleFlow()[pri:0, instance:test.VerifyAdminFlow@614ca7df]" started-at="2024-06-15T17:05:10 IST" name="verifyAdminModuleFlow" finished-at="2024-06-15T17:05:33 IST" duration-ms="23055" status="PASS">
          <reporter-output>
          </reporter-output>
        </test-method> <!-- verifyAdminModuleFlow -->
        <test-method is-config="true" signature="logoutFromOrangeHRM()[pri:0, instance:test.VerifyAdminFlow@614ca7df]" started-at="2024-06-15T17:05:33 IST" name="logoutFromOrangeHRM" finished-at="2024-06-15T17:05:34 IST" duration-ms="848" status="PASS">
          <reporter-output>
          </reporter-output>
        </test-method> <!-- logoutFromOrangeHRM -->
        <test-method is-config="true" signature="nullAllPomObjects()[pri:0, instance:test.VerifyAdminFlow@614ca7df]" started-at="2024-06-15T17:05:34 IST" name="nullAllPomObjects" finished-at="2024-06-15T17:05:34 IST" duration-ms="0" status="PASS">
          <reporter-output>
          </reporter-output>
        </test-method> <!-- nullAllPomObjects -->
        <test-method is-config="true" signature="closeBrowser()[pri:0, instance:test.VerifyAdminFlow@614ca7df]" started-at="2024-06-15T17:05:34 IST" name="closeBrowser" finished-at="2024-06-15T17:05:34 IST" duration-ms="180" status="PASS">
          <reporter-output>
          </reporter-output>
        </test-method> <!-- closeBrowser -->
      </class> <!-- test.VerifyAdminFlow -->
    </test> <!-- edgeBrowser -->
    <test started-at="2024-06-15T17:05:34 IST" name="chromeBrowser" finished-at="2024-06-15T17:06:06 IST" duration-ms="31909">
      <class name="test.VerifyAdminFlow">
        <test-method is-config="true" signature="launchBrowser(java.lang.String)[pri:0, instance:test.VerifyAdminFlow@6253c26]" started-at="2024-06-15T17:05:34 IST" name="launchBrowser" finished-at="2024-06-15T17:05:41 IST" duration-ms="6853" status="PASS">
          <params>
            <param index="0">
              <value>
                <![CDATA[chrome]]>
              </value>
            </param>
          </params>
          <reporter-output>
          </reporter-output>
        </test-method> <!-- launchBrowser -->
        <test-method is-config="true" signature="pomObjects()[pri:0, instance:test.VerifyAdminFlow@6253c26]" started-at="2024-06-15T17:05:41 IST" name="pomObjects" finished-at="2024-06-15T17:05:41 IST" duration-ms="8" status="PASS">
          <reporter-output>
          </reporter-output>
        </test-method> <!-- pomObjects -->
        <test-method is-config="true" signature="loginInOrangeHRM()[pri:0, instance:test.VerifyAdminFlow@6253c26]" started-at="2024-06-15T17:05:41 IST" name="loginInOrangeHRM" finished-at="2024-06-15T17:05:45 IST" duration-ms="4340" status="PASS">
          <reporter-output>
          </reporter-output>
        </test-method> <!-- loginInOrangeHRM -->
        <test-method signature="verifyAdminModuleFlow()[pri:0, instance:test.VerifyAdminFlow@6253c26]" started-at="2024-06-15T17:05:45 IST" name="verifyAdminModuleFlow" finished-at="2024-06-15T17:06:04 IST" duration-ms="19077" status="PASS">
          <reporter-output>
          </reporter-output>
        </test-method> <!-- verifyAdminModuleFlow -->
        <test-method is-config="true" signature="logoutFromOrangeHRM()[pri:0, instance:test.VerifyAdminFlow@6253c26]" started-at="2024-06-15T17:06:04 IST" name="logoutFromOrangeHRM" finished-at="2024-06-15T17:06:05 IST" duration-ms="1132" status="PASS">
          <reporter-output>
          </reporter-output>
        </test-method> <!-- logoutFromOrangeHRM -->
        <test-method is-config="true" signature="closeBrowser()[pri:0, instance:test.VerifyAdminFlow@6253c26]" started-at="2024-06-15T17:06:05 IST" name="closeBrowser" finished-at="2024-06-15T17:06:06 IST" duration-ms="493" status="PASS">
          <reporter-output>
          </reporter-output>
        </test-method> <!-- closeBrowser -->
        <test-method is-config="true" signature="nullAllPomObjects()[pri:0, instance:test.VerifyAdminFlow@6253c26]" started-at="2024-06-15T17:06:05 IST" name="nullAllPomObjects" finished-at="2024-06-15T17:06:05 IST" duration-ms="0" status="PASS">
          <reporter-output>
          </reporter-output>
        </test-method> <!-- nullAllPomObjects -->
      </class> <!-- test.VerifyAdminFlow -->
    </test> <!-- chromeBrowser -->
  </suite> <!-- Suite -->
</testng-results>
